<?xml version='1.0' encoding='UTF-8'?>
<testsuite hostname="a5cf1d07a499" name="pipesql.PipeSqlParserSpec" tests="4" errors="0" failures="0" skipped="0" time="0.084" timestamp="2025-07-09T14:43:14">
          <properties>
      <property name="java.specification.version" value="21"/><property name="sun.jnu.encoding" value="UTF-8"/><property name="sun.arch.data.model" value="64"/><property name="java.vendor.url" value="https://adoptium.net/"/><property name="sun.boot.library.path" value="/opt/java/openjdk/lib"/><property name="sun.java.command" value="/root/.cache/sbt/boot/sbt-launch/1.11.2/sbt-launch-1.11.2.jar test"/><property name="jdk.debug" value="release"/><property name="java.specification.vendor" value="Oracle Corporation"/><property name="java.version.date" value="2025-04-15"/><property name="java.home" value="/opt/java/openjdk"/><property name="file.separator" value="/"/><property name="java.vm.compressedOopsMode" value="32-bit"/><property name="line.separator" value="
"/><property name="java.vm.specification.vendor" value="Oracle Corporation"/><property name="java.specification.name" value="Java Platform API Specification"/><property name="sun.management.compiler" value="HotSpot 64-Bit Tiered Compilers"/><property name="java.runtime.version" value="21.0.7+6-LTS"/><property name="user.name" value="root"/><property name="log4j.ignoreTCL" value="true"/><property name="file.encoding" value="UTF-8"/><property name="jnidispatch.path" value="/root/.cache/JNA/temp/jna6018892383746220753.tmp"/><property name="java.vendor.version" value="Temurin-21.0.7+6"/><property name="jna.loaded" value="true"/><property name="java.io.tmpdir" value="/tmp"/><property name="java.version" value="21.0.7"/><property name="java.vm.specification.name" value="Java Virtual Machine Specification"/><property name="native.encoding" value="UTF-8"/><property name="java.library.path" value="/opt/java/openjdk/lib/server:/opt/java/openjdk/lib:/opt/java/openjdk/../lib:/usr/java/packages/lib:/usr/lib64:/lib64:/lib:/usr/lib"/><property name="stderr.encoding" value="UTF-8"/><property name="java.vendor" value="Eclipse Adoptium"/><property name="scala.ext.dirs" value="/root/.sbt/1.0/java9-rt-ext-eclipse_adoptium_21_0_7"/><property name="sun.io.unicode.encoding" value="UnicodeLittle"/><property name="java.class.path" value="/root/.cache/sbt/boot/sbt-launch/1.11.2/sbt-launch-1.11.2.jar"/><property name="java.vm.vendor" value="Eclipse Adoptium"/><property name="jline.shutdownhook" value="false"/><property name="user.timezone" value="GMT"/><property name="java.vm.specification.version" value="21"/><property name="os.name" value="Linux"/><property name="sun.java.launcher" value="SUN_STANDARD"/><property name="user.country" value="US"/><property name="sun.cpu.endian" value="little"/><property name="user.home" value="/root"/><property name="user.language" value="en"/><property name="sbt.script" value="/usr/local/bin/sbt"/><property name="sbt.ipcsocket.tmpdir" value="/tmp/.sbt82f575fe/ipcsocket"/><property name="swoval.tmpdir" value="/tmp/.sbt82f575fe/swoval"/><property name="jline.esc.timeout" value="0"/><property name="stdout.encoding" value="UTF-8"/><property name="path.separator" value=":"/><property name="os.version" value="6.11.0-26-generic"/><property name="jna.nosys" value="true"/><property name="java.runtime.name" value="OpenJDK Runtime Environment"/><property name="java.vm.name" value="OpenJDK 64-Bit Server VM"/><property name="jna.platform.library.path" value="/usr/lib:/lib"/><property name="java.vendor.url.bug" value="https://github.com/adoptium/adoptium-support/issues"/><property name="user.dir" value="/workspace"/><property name="os.arch" value="amd64"/><property name="java.vm.info" value="mixed mode, sharing"/><property name="java.vm.version" value="21.0.7+6-LTS"/><property name="java.class.version" value="65.0"/>
    </properties>
          <testcase classname="pipesql.PipeSqlParserSpec" name="parser should build expected AST for sample query" time="0.082">
                      
                    </testcase><testcase classname="pipesql.PipeSqlParserSpec" name="parser should accept simple FROM clause" time="0.001">
                      
                    </testcase><testcase classname="pipesql.PipeSqlParserSpec" name="parser should accept ORDER BY with space before direction keyword" time="0.001">
                      
                    </testcase><testcase classname="pipesql.PipeSqlParserSpec" name="parser should accept ORDER BY with newline before direction keyword" time="0.0">
                      
                    </testcase>
          <system-out><![CDATA[]]></system-out>
          <system-err><![CDATA[]]></system-err>
        </testsuite>